2025-06-13 23:34:39.788 [info] Reading sessions from keychain...
2025-06-13 23:34:39.788 [info] Getting sessions for all scopes...
2025-06-13 23:34:39.788 [info] Getting sessions for all scopes...
2025-06-13 23:34:39.788 [info] Getting sessions for all scopes...
2025-06-13 23:34:39.788 [info] Getting sessions for all scopes...
2025-06-13 23:34:39.788 [info] Getting sessions for all scopes...
2025-06-13 23:34:39.788 [info] Getting sessions for all scopes...
2025-06-13 23:34:39.788 [info] Getting sessions for all scopes...
2025-06-13 23:34:39.802 [info] Got 0 sessions for ...
2025-06-13 23:34:39.802 [info] Got 0 sessions for ...
2025-06-13 23:34:39.802 [info] Got 0 sessions for ...
2025-06-13 23:34:39.802 [info] Got 0 sessions for ...
2025-06-13 23:34:39.802 [info] Got 0 sessions for ...
2025-06-13 23:34:39.802 [info] Got 0 sessions for ...
2025-06-13 23:34:39.802 [info] Got 0 sessions for ...
2025-06-13 23:34:39.803 [info] Getting sessions for all scopes...
2025-06-13 23:34:39.803 [info] Got 0 sessions for ...
2025-06-13 23:34:39.804 [info] Getting sessions for all scopes...
2025-06-13 23:34:39.804 [info] Got 0 sessions for ...
2025-06-13 23:34:39.804 [info] Getting sessions for all scopes...
2025-06-13 23:34:39.804 [info] Got 0 sessions for ...
2025-06-13 23:34:39.804 [info] Getting sessions for all scopes...
2025-06-13 23:34:39.804 [info] Got 0 sessions for ...
2025-06-13 23:34:39.804 [info] Getting sessions for all scopes...
2025-06-13 23:34:39.804 [info] Got 0 sessions for ...
2025-06-13 23:34:39.804 [info] Getting sessions for all scopes...
2025-06-13 23:34:39.804 [info] Got 0 sessions for ...
2025-06-13 23:34:40.169 [info] Getting sessions for all scopes...
2025-06-13 23:34:40.169 [info] Got 0 sessions for ...
2025-06-13 23:34:41.341 [info] Getting sessions for all scopes...
2025-06-13 23:34:41.341 [info] Got 0 sessions for ...
2025-06-13 23:34:43.619 [info] Getting sessions for all scopes...
2025-06-13 23:34:43.619 [info] Got 0 sessions for ...
2025-06-13 23:35:24.104 [info] Reading sessions from keychain...
2025-06-13 23:35:24.104 [info] Getting sessions for all scopes...
2025-06-13 23:35:24.104 [info] Getting sessions for all scopes...
2025-06-13 23:35:24.104 [info] Getting sessions for all scopes...
2025-06-13 23:35:24.104 [info] Getting sessions for all scopes...
2025-06-13 23:35:24.104 [info] Getting sessions for all scopes...
2025-06-13 23:35:24.104 [info] Getting sessions for all scopes...
2025-06-13 23:35:24.104 [info] Getting sessions for all scopes...
2025-06-13 23:35:24.104 [info] Getting sessions for all scopes...
2025-06-13 23:35:24.104 [info] Getting sessions for all scopes...
2025-06-13 23:35:24.104 [info] Got 0 sessions for ...
2025-06-13 23:35:24.104 [info] Got 0 sessions for ...
2025-06-13 23:35:24.104 [info] Got 0 sessions for ...
2025-06-13 23:35:24.104 [info] Got 0 sessions for ...
2025-06-13 23:35:24.104 [info] Got 0 sessions for ...
2025-06-13 23:35:24.104 [info] Got 0 sessions for ...
2025-06-13 23:35:24.104 [info] Got 0 sessions for ...
2025-06-13 23:35:24.104 [info] Got 0 sessions for ...
2025-06-13 23:35:24.104 [info] Got 0 sessions for ...
2025-06-13 23:35:24.104 [info] Getting sessions for all scopes...
2025-06-13 23:35:24.104 [info] Got 0 sessions for ...
2025-06-13 23:35:24.104 [info] Getting sessions for all scopes...
2025-06-13 23:35:24.104 [info] Got 0 sessions for ...
2025-06-13 23:35:24.104 [info] Getting sessions for all scopes...
2025-06-13 23:35:24.104 [info] Got 0 sessions for ...
2025-06-13 23:35:24.104 [info] Getting sessions for all scopes...
2025-06-13 23:35:24.104 [info] Got 0 sessions for ...
2025-06-13 23:35:24.104 [info] Getting sessions for all scopes...
2025-06-13 23:35:24.104 [info] Got 0 sessions for ...
2025-06-13 23:35:24.104 [info] Getting sessions for all scopes...
2025-06-13 23:35:24.104 [info] Got 0 sessions for ...
2025-06-13 23:35:25.244 [info] Getting sessions for read:user,repo,user:email,workflow...
2025-06-13 23:35:25.244 [info] Got 0 sessions for read:user,repo,user:email,workflow...
2025-06-13 23:41:20.934 [info] Reading sessions from keychain...
2025-06-13 23:41:20.934 [info] Getting sessions for all scopes...
2025-06-13 23:41:20.934 [info] Got 0 sessions for ...
2025-06-13 23:41:20.934 [info] Getting sessions for all scopes...
2025-06-13 23:41:20.934 [info] Got 0 sessions for ...
2025-06-13 23:41:20.934 [info] Getting sessions for all scopes...
2025-06-13 23:41:20.934 [info] Got 0 sessions for ...
2025-06-13 23:41:20.934 [info] Getting sessions for all scopes...
2025-06-13 23:41:20.934 [info] Got 0 sessions for ...
2025-06-13 23:41:20.934 [info] Getting sessions for all scopes...
2025-06-13 23:41:20.934 [info] Got 0 sessions for ...
2025-06-13 23:41:21.717 [info] Getting sessions for read:user,repo,user:email,workflow...
2025-06-13 23:41:21.717 [info] Got 0 sessions for read:user,repo,user:email,workflow...
