2025-06-13 23:34:39.145 [warning] Via 'product.json#extensionEnabledApiProposals' extension 'ms-vsliveshare.vsliveshare' wants API proposal 'notebookCellExecutionState' but that proposal DOES NOT EXIST. Likely, the proposal has been finalized (check 'vscode.d.ts') or was abandoned.
2025-06-13 23:34:39.155 [warning] Via 'product.json#extensionEnabledApiProposals' extension 'ms-python.gather' wants API proposal 'notebookCellExecutionState' but that proposal DOES NOT EXIST. Likely, the proposal has been finalized (check 'vscode.d.ts') or was abandoned.
2025-06-13 23:34:39.155 [warning] Via 'product.json#extensionEnabledApiProposals' extension 'ms-python.vscode-pylance' wants API proposal 'mcpConfigurationProvider' but that proposal DOES NOT EXIST. Likely, the proposal has been finalized (check 'vscode.d.ts') or was abandoned.
2025-06-13 23:34:39.300 [info] ChatSessionStore: Migrating 0 chat sessions from storage service to file system
2025-06-13 23:34:39.308 [info] Started local extension host with pid 11175.
2025-06-13 23:34:39.310 [info] Started initializing default profile extensions in extensions installation folder. file:///Users/csy4642/projects/arts_at_large_gamedev/bin/code-portable-data/extensions
2025-06-13 23:34:39.378 [info] ComputeTargetPlatform: darwin-arm64
2025-06-13 23:34:39.415 [info] Completed initializing default profile extensions in extensions installation folder. file:///Users/csy4642/projects/arts_at_large_gamedev/bin/code-portable-data/extensions
2025-06-13 23:34:40.389 [info] Settings Sync: Account status changed from uninitialized to unavailable
2025-06-13 23:34:43.736 [info] [perf] Render performance baseline is 13ms
2025-06-13 23:35:20.060 [warning] Via 'product.json#extensionEnabledApiProposals' extension 'ms-vsliveshare.vsliveshare' wants API proposal 'notebookCellExecutionState' but that proposal DOES NOT EXIST. Likely, the proposal has been finalized (check 'vscode.d.ts') or was abandoned.
2025-06-13 23:35:20.060 [warning] Via 'product.json#extensionEnabledApiProposals' extension 'ms-python.gather' wants API proposal 'notebookCellExecutionState' but that proposal DOES NOT EXIST. Likely, the proposal has been finalized (check 'vscode.d.ts') or was abandoned.
2025-06-13 23:35:20.060 [warning] Via 'product.json#extensionEnabledApiProposals' extension 'ms-python.vscode-pylance' wants API proposal 'mcpConfigurationProvider' but that proposal DOES NOT EXIST. Likely, the proposal has been finalized (check 'vscode.d.ts') or was abandoned.
2025-06-13 23:35:20.146 [info] ChatSessionStore: Migrating 0 chat sessions from storage service to file system
2025-06-13 23:35:20.176 [info] Started local extension host with pid 11398.
2025-06-13 23:35:20.295 [info] ComputeTargetPlatform: darwin-arm64
2025-06-13 23:35:20.329 [info] Default account authentication provider [object Object] is not declared.
2025-06-13 23:35:20.361 [info] Settings Sync: Account status changed from uninitialized to unavailable
2025-06-13 23:35:22.734 [info] [perf] Render performance baseline is 12ms
2025-06-13 23:35:29.299 [error] Extension 'ms-python.vscode-pylance' wants API proposal 'mcpConfigurationProvider' but that proposal DOES NOT EXIST. Likely, the proposal has been finalized (check 'vscode.d.ts') or was abandoned.
2025-06-13 23:36:29.524 [error] An unknown error occurred. Please consult the log for more details.
2025-06-13 23:36:46.744 [error] Uncaught Error: Assertion Failed

Error: Assertion Failed
    at ht (vscode-file://vscode-app/Users/csy4642/projects/arts_at_large_gamedev/bin/Visual%20Studio%20Code.app/Contents/Resources/app/out/vs/editor/common/services/editorWebWorkerMain.js#TextEditorWorker:7:10466)
    at ti (vscode-file://vscode-app/Users/csy4642/projects/arts_at_large_gamedev/bin/Visual%20Studio%20Code.app/Contents/Resources/app/out/vs/editor/common/services/editorWebWorkerMain.js#TextEditorWorker:41:5099)
    at mu.computeDiff (vscode-file://vscode-app/Users/csy4642/projects/arts_at_large_gamedev/bin/Visual%20Studio%20Code.app/Contents/Resources/app/out/vs/editor/common/services/editorWebWorkerMain.js#TextEditorWorker:44:1449)
    at Et.h (vscode-file://vscode-app/Users/csy4642/projects/arts_at_large_gamedev/bin/Visual%20Studio%20Code.app/Contents/Resources/app/out/vs/editor/common/services/editorWebWorkerMain.js#TextEditorWorker:47:18655)
    at Et.$computeDiff (vscode-file://vscode-app/Users/csy4642/projects/arts_at_large_gamedev/bin/Visual%20Studio%20Code.app/Contents/Resources/app/out/vs/editor/common/services/editorWebWorkerMain.js#TextEditorWorker:47:18524)
    at x0.d (vscode-file://vscode-app/Users/csy4642/projects/arts_at_large_gamedev/bin/Visual%20Studio%20Code.app/Contents/Resources/app/out/vs/editor/common/services/editorWebWorkerMain.js#TextEditorWorker:26:66238)
    at Object.handleMessage (vscode-file://vscode-app/Users/csy4642/projects/arts_at_large_gamedev/bin/Visual%20Studio%20Code.app/Contents/Resources/app/out/vs/editor/common/services/editorWebWorkerMain.js#TextEditorWorker:26:65806)
    at A0.k (vscode-file://vscode-app/Users/csy4642/projects/arts_at_large_gamedev/bin/Visual%20Studio%20Code.app/Contents/Resources/app/out/vs/editor/common/services/editorWebWorkerMain.js#TextEditorWorker:26:64807)
    at A0.h (vscode-file://vscode-app/Users/csy4642/projects/arts_at_large_gamedev/bin/Visual%20Studio%20Code.app/Contents/Resources/app/out/vs/editor/common/services/editorWebWorkerMain.js#TextEditorWorker:26:64438)
    at A0.handleMessage (vscode-file://vscode-app/Users/csy4642/projects/arts_at_large_gamedev/bin/Visual%20Studio%20Code.app/Contents/Resources/app/out/vs/editor/common/services/editorWebWorkerMain.js#TextEditorWorker:26:64093)
2025-06-13 23:36:53.099 [error] Uncaught Error: Assertion Failed

Error: Assertion Failed
    at ht (vscode-file://vscode-app/Users/csy4642/projects/arts_at_large_gamedev/bin/Visual%20Studio%20Code.app/Contents/Resources/app/out/vs/editor/common/services/editorWebWorkerMain.js#TextEditorWorker:7:10466)
    at ti (vscode-file://vscode-app/Users/csy4642/projects/arts_at_large_gamedev/bin/Visual%20Studio%20Code.app/Contents/Resources/app/out/vs/editor/common/services/editorWebWorkerMain.js#TextEditorWorker:41:5099)
    at mu.computeDiff (vscode-file://vscode-app/Users/csy4642/projects/arts_at_large_gamedev/bin/Visual%20Studio%20Code.app/Contents/Resources/app/out/vs/editor/common/services/editorWebWorkerMain.js#TextEditorWorker:44:1449)
    at Et.h (vscode-file://vscode-app/Users/csy4642/projects/arts_at_large_gamedev/bin/Visual%20Studio%20Code.app/Contents/Resources/app/out/vs/editor/common/services/editorWebWorkerMain.js#TextEditorWorker:47:18655)
    at Et.$computeDiff (vscode-file://vscode-app/Users/csy4642/projects/arts_at_large_gamedev/bin/Visual%20Studio%20Code.app/Contents/Resources/app/out/vs/editor/common/services/editorWebWorkerMain.js#TextEditorWorker:47:18524)
    at x0.d (vscode-file://vscode-app/Users/csy4642/projects/arts_at_large_gamedev/bin/Visual%20Studio%20Code.app/Contents/Resources/app/out/vs/editor/common/services/editorWebWorkerMain.js#TextEditorWorker:26:66238)
    at Object.handleMessage (vscode-file://vscode-app/Users/csy4642/projects/arts_at_large_gamedev/bin/Visual%20Studio%20Code.app/Contents/Resources/app/out/vs/editor/common/services/editorWebWorkerMain.js#TextEditorWorker:26:65806)
    at A0.k (vscode-file://vscode-app/Users/csy4642/projects/arts_at_large_gamedev/bin/Visual%20Studio%20Code.app/Contents/Resources/app/out/vs/editor/common/services/editorWebWorkerMain.js#TextEditorWorker:26:64807)
    at A0.h (vscode-file://vscode-app/Users/csy4642/projects/arts_at_large_gamedev/bin/Visual%20Studio%20Code.app/Contents/Resources/app/out/vs/editor/common/services/editorWebWorkerMain.js#TextEditorWorker:26:64438)
    at A0.handleMessage (vscode-file://vscode-app/Users/csy4642/projects/arts_at_large_gamedev/bin/Visual%20Studio%20Code.app/Contents/Resources/app/out/vs/editor/common/services/editorWebWorkerMain.js#TextEditorWorker:26:64093)
2025-06-13 23:37:04.225 [error] AttributeError: 'str' object has no attribute 'suffix': Error: AttributeError: 'str' object has no attribute 'suffix'
	at ae (/Users/csy4642/projects/arts_at_large_gamedev/bin/code-portable-data/extensions/ms-python.python-2025.6.1-darwin-arm64/out/client/extension.js:2:1962784)
	at oe (/Users/csy4642/projects/arts_at_large_gamedev/bin/code-portable-data/extensions/ms-python.python-2025.6.1-darwin-arm64/out/client/extension.js:2:1960744)
	at Immediate.<anonymous> (/Users/csy4642/projects/arts_at_large_gamedev/bin/code-portable-data/extensions/ms-python.python-2025.6.1-darwin-arm64/out/client/extension.js:2:1957038)
	at process.processImmediate (node:internal/timers:485:21)
2025-06-13 23:41:20.202 [info] Started local extension host with pid 14726.
2025-06-13 23:41:39.899 [error] Uncaught Error: Assertion Failed

Error: Assertion Failed
    at ht (vscode-file://vscode-app/Users/csy4642/projects/arts_at_large_gamedev/bin/Visual%20Studio%20Code.app/Contents/Resources/app/out/vs/editor/common/services/editorWebWorkerMain.js#TextEditorWorker:7:10466)
    at ti (vscode-file://vscode-app/Users/csy4642/projects/arts_at_large_gamedev/bin/Visual%20Studio%20Code.app/Contents/Resources/app/out/vs/editor/common/services/editorWebWorkerMain.js#TextEditorWorker:41:5099)
    at mu.computeDiff (vscode-file://vscode-app/Users/csy4642/projects/arts_at_large_gamedev/bin/Visual%20Studio%20Code.app/Contents/Resources/app/out/vs/editor/common/services/editorWebWorkerMain.js#TextEditorWorker:44:1449)
    at Et.h (vscode-file://vscode-app/Users/csy4642/projects/arts_at_large_gamedev/bin/Visual%20Studio%20Code.app/Contents/Resources/app/out/vs/editor/common/services/editorWebWorkerMain.js#TextEditorWorker:47:18655)
    at Et.$computeDiff (vscode-file://vscode-app/Users/csy4642/projects/arts_at_large_gamedev/bin/Visual%20Studio%20Code.app/Contents/Resources/app/out/vs/editor/common/services/editorWebWorkerMain.js#TextEditorWorker:47:18524)
    at x0.d (vscode-file://vscode-app/Users/csy4642/projects/arts_at_large_gamedev/bin/Visual%20Studio%20Code.app/Contents/Resources/app/out/vs/editor/common/services/editorWebWorkerMain.js#TextEditorWorker:26:66238)
    at Object.handleMessage (vscode-file://vscode-app/Users/csy4642/projects/arts_at_large_gamedev/bin/Visual%20Studio%20Code.app/Contents/Resources/app/out/vs/editor/common/services/editorWebWorkerMain.js#TextEditorWorker:26:65806)
    at A0.k (vscode-file://vscode-app/Users/csy4642/projects/arts_at_large_gamedev/bin/Visual%20Studio%20Code.app/Contents/Resources/app/out/vs/editor/common/services/editorWebWorkerMain.js#TextEditorWorker:26:64807)
    at A0.h (vscode-file://vscode-app/Users/csy4642/projects/arts_at_large_gamedev/bin/Visual%20Studio%20Code.app/Contents/Resources/app/out/vs/editor/common/services/editorWebWorkerMain.js#TextEditorWorker:26:64438)
    at A0.handleMessage (vscode-file://vscode-app/Users/csy4642/projects/arts_at_large_gamedev/bin/Visual%20Studio%20Code.app/Contents/Resources/app/out/vs/editor/common/services/editorWebWorkerMain.js#TextEditorWorker:26:64093)
2025-06-13 23:41:51.399 [error] Uncaught Error: Assertion Failed

Error: Assertion Failed
    at ht (vscode-file://vscode-app/Users/csy4642/projects/arts_at_large_gamedev/bin/Visual%20Studio%20Code.app/Contents/Resources/app/out/vs/editor/common/services/editorWebWorkerMain.js#TextEditorWorker:7:10466)
    at ti (vscode-file://vscode-app/Users/csy4642/projects/arts_at_large_gamedev/bin/Visual%20Studio%20Code.app/Contents/Resources/app/out/vs/editor/common/services/editorWebWorkerMain.js#TextEditorWorker:41:5099)
    at mu.computeDiff (vscode-file://vscode-app/Users/csy4642/projects/arts_at_large_gamedev/bin/Visual%20Studio%20Code.app/Contents/Resources/app/out/vs/editor/common/services/editorWebWorkerMain.js#TextEditorWorker:44:1449)
    at Et.h (vscode-file://vscode-app/Users/csy4642/projects/arts_at_large_gamedev/bin/Visual%20Studio%20Code.app/Contents/Resources/app/out/vs/editor/common/services/editorWebWorkerMain.js#TextEditorWorker:47:18655)
    at Et.$computeDiff (vscode-file://vscode-app/Users/csy4642/projects/arts_at_large_gamedev/bin/Visual%20Studio%20Code.app/Contents/Resources/app/out/vs/editor/common/services/editorWebWorkerMain.js#TextEditorWorker:47:18524)
    at x0.d (vscode-file://vscode-app/Users/csy4642/projects/arts_at_large_gamedev/bin/Visual%20Studio%20Code.app/Contents/Resources/app/out/vs/editor/common/services/editorWebWorkerMain.js#TextEditorWorker:26:66238)
    at Object.handleMessage (vscode-file://vscode-app/Users/csy4642/projects/arts_at_large_gamedev/bin/Visual%20Studio%20Code.app/Contents/Resources/app/out/vs/editor/common/services/editorWebWorkerMain.js#TextEditorWorker:26:65806)
    at A0.k (vscode-file://vscode-app/Users/csy4642/projects/arts_at_large_gamedev/bin/Visual%20Studio%20Code.app/Contents/Resources/app/out/vs/editor/common/services/editorWebWorkerMain.js#TextEditorWorker:26:64807)
    at A0.h (vscode-file://vscode-app/Users/csy4642/projects/arts_at_large_gamedev/bin/Visual%20Studio%20Code.app/Contents/Resources/app/out/vs/editor/common/services/editorWebWorkerMain.js#TextEditorWorker:26:64438)
    at A0.handleMessage (vscode-file://vscode-app/Users/csy4642/projects/arts_at_large_gamedev/bin/Visual%20Studio%20Code.app/Contents/Resources/app/out/vs/editor/common/services/editorWebWorkerMain.js#TextEditorWorker:26:64093)
