2025-06-13 23:34:39.575 [info] ComputeTargetPlatform: darwin-arm64
2025-06-13 23:34:50.058 [info] ComputeTargetPlatform: darwin-arm64
2025-06-13 23:34:58.779 [info] Getting Manifest... ms-python.python
2025-06-13 23:34:58.956 [info] Installing extension: ms-python.python {"isMachineScoped":false,"installPreReleaseVersion":false,"pinned":false,"profileLocation":{"$mid":1,"external":"vscode-userdata:/Users/csy4642/projects/arts_at_large_gamedev/bin/code-portable-data/extensions/extensions.json","path":"/Users/csy4642/projects/arts_at_large_gamedev/bin/code-portable-data/extensions/extensions.json","scheme":"vscode-userdata"},"isApplicationScoped":false,"productVersion":{"version":"1.101.0","date":"2025-06-11T15:00:50.123Z"}}
2025-06-13 23:34:59.232 [info] Getting Manifest... ms-python.vscode-pylance
2025-06-13 23:34:59.641 [info] Getting Manifest... ms-python.debugpy
2025-06-13 23:34:59.766 [info] Installing extension: ms-python.vscode-pylance {"isMachineScoped":false,"installPreReleaseVersion":false,"pinned":false,"profileLocation":{"$mid":1,"external":"vscode-userdata:/Users/csy4642/projects/arts_at_large_gamedev/bin/code-portable-data/extensions/extensions.json","path":"/Users/csy4642/projects/arts_at_large_gamedev/bin/code-portable-data/extensions/extensions.json","scheme":"vscode-userdata"},"isApplicationScoped":false,"productVersion":{"version":"1.101.0","date":"2025-06-11T15:00:50.123Z"},"installGivenVersion":false,"context":{"dependecyOrPackExtensionInstall":true}}
2025-06-13 23:34:59.766 [info] Installing extension: ms-python.debugpy {"isMachineScoped":false,"installPreReleaseVersion":false,"pinned":false,"profileLocation":{"$mid":1,"external":"vscode-userdata:/Users/csy4642/projects/arts_at_large_gamedev/bin/code-portable-data/extensions/extensions.json","path":"/Users/csy4642/projects/arts_at_large_gamedev/bin/code-portable-data/extensions/extensions.json","scheme":"vscode-userdata"},"isApplicationScoped":false,"productVersion":{"version":"1.101.0","date":"2025-06-11T15:00:50.123Z"},"installGivenVersion":false,"context":{"dependecyOrPackExtensionInstall":true}}
2025-06-13 23:35:07.414 [info] Extension signature verification result for ms-python.debugpy: Success. Internal Code: 0. Executed: true. Duration: 2343ms.
2025-06-13 23:35:07.931 [info] Extracted extension to file:///Users/csy4642/projects/arts_at_large_gamedev/bin/code-portable-data/extensions/ms-python.debugpy-2025.8.0-darwin-arm64: ms-python.debugpy
2025-06-13 23:35:07.959 [info] Renamed to /Users/csy4642/projects/arts_at_large_gamedev/bin/code-portable-data/extensions/ms-python.debugpy-2025.8.0-darwin-arm64
2025-06-13 23:35:10.234 [info] Extension signature verification result for ms-python.python: Success. Internal Code: 0. Executed: true. Duration: 352ms.
2025-06-13 23:35:11.665 [info] Extracted extension to file:///Users/csy4642/projects/arts_at_large_gamedev/bin/code-portable-data/extensions/ms-python.python-2025.6.1-darwin-arm64: ms-python.python
2025-06-13 23:35:11.721 [info] Renamed to /Users/csy4642/projects/arts_at_large_gamedev/bin/code-portable-data/extensions/ms-python.python-2025.6.1-darwin-arm64
2025-06-13 23:35:24.403 [info] Extension signature verification result for ms-python.vscode-pylance: Success. Internal Code: 0. Executed: true. Duration: 989ms.
2025-06-13 23:35:29.142 [info] Extracted extension to file:///Users/csy4642/projects/arts_at_large_gamedev/bin/code-portable-data/extensions/ms-python.vscode-pylance-2025.6.1: ms-python.vscode-pylance
2025-06-13 23:35:29.276 [info] Renamed to /Users/csy4642/projects/arts_at_large_gamedev/bin/code-portable-data/extensions/ms-python.vscode-pylance-2025.6.1
2025-06-13 23:35:29.292 [info] Extension installed successfully: ms-python.debugpy vscode-userdata:/Users/csy4642/projects/arts_at_large_gamedev/bin/code-portable-data/extensions/extensions.json
2025-06-13 23:35:29.292 [info] Extension installed successfully: ms-python.python vscode-userdata:/Users/csy4642/projects/arts_at_large_gamedev/bin/code-portable-data/extensions/extensions.json
2025-06-13 23:35:29.292 [info] Extension installed successfully: ms-python.vscode-pylance vscode-userdata:/Users/csy4642/projects/arts_at_large_gamedev/bin/code-portable-data/extensions/extensions.json
2025-06-13 23:41:10.533 [info] Uninstalling extension from the profile: ms-python.vscode-pylance@2025.6.1 vscode-userdata:/Users/csy4642/projects/arts_at_large_gamedev/bin/code-portable-data/extensions/extensions.json
2025-06-13 23:41:10.570 [info] Marked extension as removed ms-python.vscode-pylance-2025.6.1
2025-06-13 23:41:10.824 [info] Successfully uninstalled extension from the profile ms-python.vscode-pylance@2025.6.1 vscode-userdata:/Users/csy4642/projects/arts_at_large_gamedev/bin/code-portable-data/extensions/extensions.json
2025-06-13 23:41:18.638 [info] Uninstalling extension from the profile: ms-python.debugpy@2025.8.0 vscode-userdata:/Users/csy4642/projects/arts_at_large_gamedev/bin/code-portable-data/extensions/extensions.json
2025-06-13 23:41:18.666 [info] Marked extension as removed ms-python.debugpy-2025.8.0-darwin-arm64
2025-06-13 23:41:18.733 [info] Successfully uninstalled extension from the profile ms-python.debugpy@2025.8.0 vscode-userdata:/Users/csy4642/projects/arts_at_large_gamedev/bin/code-portable-data/extensions/extensions.json
